# JRE version: OpenJDK Runtime Environment (15.0+36) (build 15+36-1562)
# Java VM: OpenJDK 64-Bit Server VM (15+36-1562, mixed mode, sharing, tiered, compressed oops, g1 gc, windows-amd64)
GC Precious Log:
 CPUs: 4 total, 4 available
 Memory: 8102M
 Large Page Support: Disabled
 NUMA Support: Disabled
 Compressed Oops: Enabled (32-bit)
 Heap Region Size: 1M
 Heap Min Capacity: 256M
 Heap Initial Capacity: 256M
 Heap Max Capacity: 512M
 Pre-touch: Disabled
 Parallel Workers: 4
 Concurrent Workers: 1
 Concurrent Refinement Workers: 4
 Periodic GC: Disabled
Heap:
 garbage-first heap   total 262144K, used 124703K [0x00000000e0000000, 0x0000000100000000)
  region size 1024K, 79 young (80896K), 20 survivors (20480K)
 Metaspace       used 70885K, capacity 72006K, committed 72368K, reserved 317440K
  class space    used 9294K, capacity 9618K, committed 9728K, reserved 253952K
GC Heap History (16 events):
Event: 0.655 GC heap before
{Heap before GC invocations=0 (full 0):
 garbage-first heap   total 262144K, used 15360K [0x00000000e0000000, 0x0000000100000000)
  region size 1024K, 13 young (13312K), 0 survivors (0K)
 Metaspace       used 1086K, capacity 4759K, committed 4864K, reserved 262144K
  class space    used 87K, capacity 433K, committed 512K, reserved 253952K
}
Event: 0.658 GC heap after
{Heap after GC invocations=1 (full 0):
 garbage-first heap   total 262144K, used 3198K [0x00000000e0000000, 0x0000000100000000)
  region size 1024K, 2 young (2048K), 2 survivors (2048K)
 Metaspace       used 1086K, capacity 4759K, committed 4864K, reserved 262144K
  class space    used 87K, capacity 433K, committed 512K, reserved 253952K
}
Event: 1.336 GC heap before
{Heap before GC invocations=1 (full 0):
 garbage-first heap   total 262144K, used 21630K [0x00000000e0000000, 0x0000000100000000)
  region size 1024K, 18 young (18432K), 2 survivors (2048K)
 Metaspace       used 3684K, capacity 6352K, committed 6656K, reserved 262144K
  class space    used 454K, capacity 708K, committed 768K, reserved 253952K
}
Event: 1.341 GC heap after
{Heap after GC invocations=2 (full 0):
 garbage-first heap   total 262144K, used 9682K [0x00000000e0000000, 0x0000000100000000)
  region size 1024K, 3 young (3072K), 3 survivors (3072K)
 Metaspace       used 3684K, capacity 6352K, committed 6656K, reserved 262144K
  class space    used 454K, capacity 708K, committed 768K, reserved 253952K
}
Event: 1.859 GC heap before
{Heap before GC invocations=2 (full 0):
 garbage-first heap   total 262144K, used 31186K [0x00000000e0000000, 0x0000000100000000)
  region size 1024K, 25 young (25600K), 3 survivors (3072K)
 Metaspace       used 4355K, capacity 6739K, committed 7040K, reserved 262144K
  class space    used 526K, capacity 773K, committed 896K, reserved 253952K
}
Event: 1.862 GC heap after
{Heap after GC invocations=3 (full 0):
 garbage-first heap   total 262144K, used 10424K [0x00000000e0000000, 0x0000000100000000)
  region size 1024K, 1 young (1024K), 1 survivors (1024K)
 Metaspace       used 4355K, capacity 6739K, committed 7040K, reserved 262144K
  class space    used 526K, capacity 773K, committed 896K, reserved 253952K
}
Event: 5.339 GC heap before
{Heap before GC invocations=3 (full 0):
 garbage-first heap   total 262144K, used 119992K [0x00000000e0000000, 0x0000000100000000)
  region size 1024K, 109 young (111616K), 1 survivors (1024K)
 Metaspace       used 20796K, capacity 21188K, committed 21296K, reserved 272384K
  class space    used 3019K, capacity 3155K, committed 3200K, reserved 253952K
}
Event: 5.352 GC heap after
{Heap after GC invocations=4 (full 0):
 garbage-first heap   total 262144K, used 20313K [0x00000000e0000000, 0x0000000100000000)
  region size 1024K, 11 young (11264K), 11 survivors (11264K)
 Metaspace       used 20796K, capacity 21188K, committed 21296K, reserved 272384K
  class space    used 3019K, capacity 3155K, committed 3200K, reserved 253952K
}
Event: 7.476 GC heap before
{Heap before GC invocations=5 (full 0):
 garbage-first heap   total 262144K, used 125785K [0x00000000e0000000, 0x0000000100000000)
  region size 1024K, 112 young (114688K), 11 survivors (11264K)
 Metaspace       used 35258K, capacity 35783K, committed 35888K, reserved 286720K
  class space    used 4774K, capacity 4918K, committed 4992K, reserved 253952K
}
Event: 7.497 GC heap after
{Heap after GC invocations=6 (full 0):
 garbage-first heap   total 262144K, used 28731K [0x00000000e0000000, 0x0000000100000000)
  region size 1024K, 19 young (19456K), 19 survivors (19456K)
 Metaspace       used 35258K, capacity 35783K, committed 35888K, reserved 286720K
  class space    used 4774K, capacity 4918K, committed 4992K, reserved 253952K
}
Event: 10.480 GC heap before
{Heap before GC invocations=7 (full 0):
 garbage-first heap   total 262144K, used 165947K [0x00000000e0000000, 0x0000000100000000)
  region size 1024K, 153 young (156672K), 19 survivors (19456K)
 Metaspace       used 53430K, capacity 54301K, committed 54448K, reserved 301056K
  class space    used 7164K, capacity 7405K, committed 7424K, reserved 253952K
}
Event: 10.528 GC heap after
{Heap after GC invocations=8 (full 0):
 garbage-first heap   total 262144K, used 39687K [0x00000000e0000000, 0x0000000100000000)
  region size 1024K, 20 young (20480K), 20 survivors (20480K)
 Metaspace       used 53430K, capacity 54301K, committed 54448K, reserved 301056K
  class space    used 7164K, capacity 7405K, committed 7424K, reserved 253952K
}
Event: 12.820 GC heap before
{Heap before GC invocations=8 (full 0):
 garbage-first heap   total 262144K, used 167687K [0x00000000e0000000, 0x0000000100000000)
  region size 1024K, 147 young (150528K), 20 survivors (20480K)
 Metaspace       used 59194K, capacity 60111K, committed 60208K, reserved 307200K
  class space    used 7925K, capacity 8239K, committed 8320K, reserved 253952K
}
Event: 12.854 GC heap after
{Heap after GC invocations=9 (full 0):
 garbage-first heap   total 262144K, used 49114K [0x00000000e0000000, 0x0000000100000000)
  region size 1024K, 10 young (10240K), 10 survivors (10240K)
 Metaspace       used 59194K, capacity 60111K, committed 60208K, reserved 307200K
  class space    used 7925K, capacity 8239K, committed 8320K, reserved 253952K
}
Event: 18.524 GC heap before
{Heap before GC invocations=10 (full 0):
 garbage-first heap   total 262144K, used 194522K [0x00000000e0000000, 0x0000000100000000)
  region size 1024K, 153 young (156672K), 10 survivors (10240K)
 Metaspace       used 69082K, capacity 70199K, committed 70320K, reserved 315392K
  class space    used 9096K, capacity 9455K, committed 9472K, reserved 253952K
}
Event: 18.568 GC heap after
{Heap after GC invocations=11 (full 0):
 garbage-first heap   total 262144K, used 65311K [0x00000000e0000000, 0x0000000100000000)
  region size 1024K, 20 young (20480K), 20 survivors (20480K)
 Metaspace       used 69082K, capacity 70199K, committed 70320K, reserved 315392K
  class space    used 9096K, capacity 9455K, committed 9472K, reserved 253952K
}

